<?xml version="1.0" encoding="UTF-8"?>
<!-- Generated by org.testng.reporters.JUnitReportReporter -->
<testsuite skipped="0" hostname="DESKTOP-4NE9BDV" name="extentreports007.ExtentReortdemo" tests="1" failures="0" timestamp="2020-10-11T18:52:08 IST" time="20.885" errors="0">
  <testcase name="initialdemo" time="20.885" classname="extentreports007.ExtentReortdemo"/>
  <system-out/>
</testsuite> <!-- extentreports007.ExtentReortdemo -->
